compiling main.c...
\BSP-final_project\inc\my_uart1.h(70): error C141: syntax error near ')', expected '<id>'
compiling temp_module.c...
\BSP-final_project\inc\my_uart1.h(70): error C141: syntax error near ')', expected '<id>'
compiling rtc_module.c...
\BSP-final_project\inc\my_uart1.h(70): error C141: syntax error near ')', expected '<id>'
compiling core.c...
\BSP-final_project\inc\my_uart1.h(70): error C141: syntax error near ')', expected '<id>'
Target not created.